<?xml version="1.0" encoding="UTF-8"?>
<!-- Generated by org.testng.reporters.JUnitXMLReporter -->
<testsuite ignored="0" hostname="Bharath" failures="0" tests="6" name="ChromeTest" time="18.1" errors="0" timestamp="2025-07-30T20:45:38 IST">
  <testcase classname="testng.framework.features.AppCommons" name="TestCase3" time="3.009"/>
  <testcase classname="testng.framework.features.AppCommons" name="TestCase3" time="3.012"/>
  <testcase classname="testng.framework.features.AppCommons" name="TestCase3" time="3.003"/>
  <testcase classname="testng.framework.features.AppCommons" name="TestCase2" time="3.002"/>
  <testcase classname="testng.framework.features.AppCommons" name="TestCase1" time="3.005"/>
  <testcase classname="testng.framework.features.AppCommons" name="TestCase1" time="3.013"/>
</testsuite> <!-- ChromeTest -->
