<?xml version="1.0" encoding="UTF-8"?>
<!-- Generated by org.testng.reporters.JUnitXMLReporter -->
<testsuite ignored="2" hostname="Bharath" failures="0" tests="3" name="Test3" time="9.091" errors="0" timestamp="2025-07-30T20:52:21 IST">
  <testcase classname="testng.framework.features.AppCommons" name="TestCase3" time="3.009"/>
  <testcase classname="testng.framework.features.AppCommons" name="TestCase3" time="3.011"/>
  <testcase classname="testng.framework.features.AppCommons" name="TestCase3" time="3.008"/>
  <testcase classname="testng.framework.features.AppCommons" name="TestCase1" time="0.0">
    <ignored/>
  </testcase> <!-- TestCase1 -->
  <testcase classname="testng.framework.features.AppCommons" name="TestCase2" time="0.0">
    <ignored/>
  </testcase> <!-- TestCase2 -->
</testsuite> <!-- Test3 -->
