<?xml version="1.0" encoding="UTF-8"?>
<!-- Generated by org.testng.reporters.JUnitXMLReporter -->
<testsuite ignored="0" hostname="Bharath" failures="1" tests="7" name="Test" time="12.128" errors="0" timestamp="2025-07-30T21:16:23 IST">
  <testcase classname="testng.framework.features.AppCommons" name="TestCase3" time="3.021"/>
  <testcase classname="testng.framework.features.AppCommons" name="TestCase3" time="3.014"/>
  <testcase classname="testng.framework.features.AppCommons" name="TestCase3" time="3.012"/>
  <testcase classname="testng.framework.features.AppCommons" name="TestCase2" time="3.006"/>
  <testcase classname="testng.framework.features.AppCommons" name="TestCase1" time="0.001">
    <skipped/>
  </testcase> <!-- TestCase1 -->
  <testcase classname="testng.framework.features.AppCommons" name="TestCase1" time="0.0">
    <skipped/>
  </testcase> <!-- TestCase1 -->
  <testcase classname="testng.framework.features.AppCommons" name="TestCase1" time="0.001">
    <failure type="java.lang.AssertionError" message="Timeout Exception">
      <![CDATA[java.lang.AssertionError: Timeout Exception
at testng.framework.features.AppCommons.TestCase1(AppCommons.java:12)
at java.base/java.util.ArrayList.forEach(ArrayList.java:1511)
... Removed 28 stack frames]]>
    </failure>
  </testcase> <!-- TestCase1 -->
</testsuite> <!-- Test -->
