<?xml version="1.0" encoding="UTF-8"?>
<!-- Generated by org.testng.reporters.JUnitXMLReporter -->
<testsuite ignored="2" hostname="Bharath" failures="0" tests="1" name="Test2" time="3.085" errors="0" timestamp="2025-07-30T20:52:15 IST">
  <testcase classname="testng.framework.features.AppCommons" name="TestCase2" time="3.024"/>
  <testcase classname="testng.framework.features.AppCommons" name="TestCase1" time="0.0">
    <ignored/>
  </testcase> <!-- TestCase1 -->
  <testcase classname="testng.framework.features.AppCommons" name="TestCase3" time="0.0">
    <ignored/>
  </testcase> <!-- TestCase3 -->
</testsuite> <!-- Test2 -->
