<?xml version="1.0" encoding="UTF-8"?>
<!-- Generated by org.testng.reporters.JUnitXMLReporter -->
<testsuite ignored="1" hostname="Bharath" failures="0" tests="2" name="Test" time="0.056" errors="0" timestamp="2025-07-29T21:24:11 IST">
  <testcase classname="testng.framework.features.AppCommons" name="TestCase3" time="0.006"/>
  <testcase classname="testng.framework.features.AppCommons" name="TestCase1" time="0.001"/>
  <testcase classname="testng.framework.features.AppCommons" name="TestCase2" time="0.0">
    <ignored/>
  </testcase> <!-- TestCase2 -->
</testsuite> <!-- Test -->
