<?xml version="1.0" encoding="UTF-8"?>
<!-- Generated by org.testng.reporters.JUnitXMLReporter -->
<testsuite ignored="0" hostname="Bharath" failures="0" tests="3" name="Test(failed)" time="0.05" errors="0" timestamp="2025-07-30T19:28:39 IST">
  <testcase classname="testng.framework.features.AppCommons" name="TestCase3" time="0.007"/>
  <testcase classname="testng.framework.features.AppCommons" name="TestCase1" time="0.001"/>
  <testcase classname="testng.framework.features.AppCommons" name="TestCase2" time="0.001"/>
</testsuite> <!-- Test(failed) -->
