<?xml version="1.0" encoding="UTF-8"?>
<testng-results ignored="0" total="5" passed="4" failed="1" skipped="0">
  <reporter-output>
  </reporter-output>
  <suite started-at="2025-07-28T21:02:54 IST" name="Suite" finished-at="2025-07-28T21:02:54 IST" duration-ms="99">
    <groups>
    </groups>
    <test started-at="2025-07-28T21:02:54 IST" name="Test" finished-at="2025-07-28T21:02:54 IST" duration-ms="99">
      <class name="testng.framework.concepts.AppCommons">
        <test-method is-config="true" signature="startReporting()[pri:0, instance:testng.framework.concepts.AppCommons@72d1ad2e]" started-at="2025-07-28T21:02:54 IST" name="startReporting" finished-at="2025-07-28T21:02:54 IST" duration-ms="9" status="PASS">
          <reporter-output>
          </reporter-output>
        </test-method> <!-- startReporting -->
        <test-method is-config="true" signature="launchBrowserAndApplication(java.lang.String,java.lang.String)[pri:0, instance:testng.framework.concepts.AppCommons@72d1ad2e]" started-at="2025-07-28T21:02:54 IST" name="launchBrowserAndApplication" finished-at="2025-07-28T21:02:54 IST" duration-ms="3" status="PASS">
          <params>
            <param index="0">
              <value>
                <![CDATA[Chrome]]>
              </value>
            </param>
            <param index="1">
              <value>
                <![CDATA[https://www.example.com]]>
              </value>
            </param>
          </params>
          <reporter-output>
          </reporter-output>
        </test-method> <!-- launchBrowserAndApplication -->
        <test-method is-config="true" signature="loginIntoApp(java.lang.String,java.lang.String)[pri:0, instance:testng.framework.concepts.AppCommons@72d1ad2e]" started-at="2025-07-28T21:02:54 IST" name="loginIntoApp" finished-at="2025-07-28T21:02:54 IST" depends-on-methods="testng.framework.concepts.WebCommons.launchBrowserAndApplication" duration-ms="1" status="PASS">
          <params>
            <param index="0">
              <value>
                <![CDATA[ADMIN]]>
              </value>
            </param>
            <param index="1">
              <value>
                <![CDATA[password123]]>
              </value>
            </param>
          </params>
          <reporter-output>
          </reporter-output>
        </test-method> <!-- loginIntoApp -->
        <test-method signature="testCase1()[pri:0, instance:testng.framework.concepts.AppCommons@72d1ad2e]" started-at="2025-07-28T21:02:54 IST" name="testCase1" finished-at="2025-07-28T21:02:54 IST" duration-ms="9" status="FAIL">
          <exception class="java.lang.AssertionError">
            <message>
              <![CDATA[Test case 1 failed due to some reason.]]>
            </message>
            <full-stacktrace>
              <![CDATA[java.lang.AssertionError: Test case 1 failed due to some reason.
at org.testng.Assert.fail(Assert.java:99)
at testng.framework.concepts.AppCommons.testCase1(AppCommons.java:53)
at java.base/jdk.internal.reflect.NativeMethodAccessorImpl.invoke0(Native Method)
at java.base/jdk.internal.reflect.NativeMethodAccessorImpl.invoke(NativeMethodAccessorImpl.java:77)
at java.base/jdk.internal.reflect.DelegatingMethodAccessorImpl.invoke(DelegatingMethodAccessorImpl.java:43)
at java.base/java.lang.reflect.Method.invoke(Method.java:568)
at org.testng.internal.MethodInvocationHelper.invokeMethod(MethodInvocationHelper.java:133)
at org.testng.internal.TestInvoker.invokeMethod(TestInvoker.java:598)
at org.testng.internal.TestInvoker.invokeTestMethod(TestInvoker.java:173)
at org.testng.internal.MethodRunner.runInSequence(MethodRunner.java:46)
at org.testng.internal.TestInvoker$MethodInvocationAgent.invoke(TestInvoker.java:824)
at org.testng.internal.TestInvoker.invokeTestMethods(TestInvoker.java:146)
at org.testng.internal.TestMethodWorker.invokeTestMethods(TestMethodWorker.java:146)
at org.testng.internal.TestMethodWorker.run(TestMethodWorker.java:128)
at java.base/java.util.ArrayList.forEach(ArrayList.java:1511)
at org.testng.TestRunner.privateRun(TestRunner.java:794)
at org.testng.TestRunner.run(TestRunner.java:596)
at org.testng.SuiteRunner.runTest(SuiteRunner.java:377)
at org.testng.SuiteRunner.runSequentially(SuiteRunner.java:371)
at org.testng.SuiteRunner.privateRun(SuiteRunner.java:332)
at org.testng.SuiteRunner.run(SuiteRunner.java:276)
at org.testng.SuiteRunnerWorker.runSuite(SuiteRunnerWorker.java:53)
at org.testng.SuiteRunnerWorker.run(SuiteRunnerWorker.java:96)
at org.testng.TestNG.runSuitesSequentially(TestNG.java:1212)
at org.testng.TestNG.runSuitesLocally(TestNG.java:1134)
at org.testng.TestNG.runSuites(TestNG.java:1063)
at org.testng.TestNG.run(TestNG.java:1031)
at org.testng.remote.AbstractRemoteTestNG.run(AbstractRemoteTestNG.java:115)
at org.testng.remote.RemoteTestNG.initAndRun(RemoteTestNG.java:293)
at org.testng.remote.RemoteTestNG.main(RemoteTestNG.java:91)
]]>
            </full-stacktrace>
          </exception> <!-- java.lang.AssertionError -->
          <reporter-output>
          </reporter-output>
        </test-method> <!-- testCase1 -->
        <test-method is-config="true" signature="logoutFromApp()[pri:0, instance:testng.framework.concepts.AppCommons@72d1ad2e]" started-at="2025-07-28T21:02:54 IST" name="logoutFromApp" finished-at="2025-07-28T21:02:54 IST" duration-ms="0" status="PASS">
          <reporter-output>
          </reporter-output>
        </test-method> <!-- logoutFromApp -->
        <test-method is-config="true" signature="closeBrowser()[pri:0, instance:testng.framework.concepts.AppCommons@72d1ad2e]" started-at="2025-07-28T21:02:54 IST" name="closeBrowser" finished-at="2025-07-28T21:02:54 IST" depends-on-methods="logoutFromApp" duration-ms="0" status="PASS">
          <reporter-output>
          </reporter-output>
        </test-method> <!-- closeBrowser -->
        <test-method is-config="true" signature="launchBrowserAndApplication(java.lang.String,java.lang.String)[pri:0, instance:testng.framework.concepts.AppCommons@72d1ad2e]" started-at="2025-07-28T21:02:54 IST" name="launchBrowserAndApplication" finished-at="2025-07-28T21:02:54 IST" duration-ms="2" status="PASS">
          <params>
            <param index="0">
              <value>
                <![CDATA[Chrome]]>
              </value>
            </param>
            <param index="1">
              <value>
                <![CDATA[https://www.example.com]]>
              </value>
            </param>
          </params>
          <reporter-output>
          </reporter-output>
        </test-method> <!-- launchBrowserAndApplication -->
        <test-method is-config="true" signature="loginIntoApp(java.lang.String,java.lang.String)[pri:0, instance:testng.framework.concepts.AppCommons@72d1ad2e]" started-at="2025-07-28T21:02:54 IST" name="loginIntoApp" finished-at="2025-07-28T21:02:54 IST" depends-on-methods="testng.framework.concepts.WebCommons.launchBrowserAndApplication" duration-ms="1" status="PASS">
          <params>
            <param index="0">
              <value>
                <![CDATA[ADMIN]]>
              </value>
            </param>
            <param index="1">
              <value>
                <![CDATA[password123]]>
              </value>
            </param>
          </params>
          <reporter-output>
          </reporter-output>
        </test-method> <!-- loginIntoApp -->
        <test-method signature="testCase2()[pri:0, instance:testng.framework.concepts.AppCommons@72d1ad2e]" started-at="2025-07-28T21:02:54 IST" name="testCase2" finished-at="2025-07-28T21:02:54 IST" duration-ms="1" status="PASS">
          <reporter-output>
          </reporter-output>
        </test-method> <!-- testCase2 -->
        <test-method is-config="true" signature="logoutFromApp()[pri:0, instance:testng.framework.concepts.AppCommons@72d1ad2e]" started-at="2025-07-28T21:02:54 IST" name="logoutFromApp" finished-at="2025-07-28T21:02:54 IST" duration-ms="1" status="PASS">
          <reporter-output>
          </reporter-output>
        </test-method> <!-- logoutFromApp -->
        <test-method is-config="true" signature="closeBrowser()[pri:0, instance:testng.framework.concepts.AppCommons@72d1ad2e]" started-at="2025-07-28T21:02:54 IST" name="closeBrowser" finished-at="2025-07-28T21:02:54 IST" depends-on-methods="logoutFromApp" duration-ms="1" status="PASS">
          <reporter-output>
          </reporter-output>
        </test-method> <!-- closeBrowser -->
        <test-method is-config="true" signature="launchBrowserAndApplication(java.lang.String,java.lang.String)[pri:0, instance:testng.framework.concepts.AppCommons@72d1ad2e]" started-at="2025-07-28T21:02:54 IST" name="launchBrowserAndApplication" finished-at="2025-07-28T21:02:54 IST" duration-ms="0" status="PASS">
          <params>
            <param index="0">
              <value>
                <![CDATA[Chrome]]>
              </value>
            </param>
            <param index="1">
              <value>
                <![CDATA[https://www.example.com]]>
              </value>
            </param>
          </params>
          <reporter-output>
          </reporter-output>
        </test-method> <!-- launchBrowserAndApplication -->
        <test-method is-config="true" signature="loginIntoApp(java.lang.String,java.lang.String)[pri:0, instance:testng.framework.concepts.AppCommons@72d1ad2e]" started-at="2025-07-28T21:02:54 IST" name="loginIntoApp" finished-at="2025-07-28T21:02:54 IST" depends-on-methods="testng.framework.concepts.WebCommons.launchBrowserAndApplication" duration-ms="1" status="PASS">
          <params>
            <param index="0">
              <value>
                <![CDATA[ADMIN]]>
              </value>
            </param>
            <param index="1">
              <value>
                <![CDATA[password123]]>
              </value>
            </param>
          </params>
          <reporter-output>
          </reporter-output>
        </test-method> <!-- loginIntoApp -->
        <test-method signature="testCase3(double,double)[pri:0, instance:testng.framework.concepts.AppCommons@72d1ad2e]" started-at="2025-07-28T21:02:54 IST" name="testCase3" data-provider="testData" finished-at="2025-07-28T21:02:54 IST" duration-ms="8" status="PASS">
          <params>
            <param index="0">
              <value>
                <![CDATA[1000.0]]>
              </value>
            </param>
            <param index="1">
              <value>
                <![CDATA[5.0]]>
              </value>
            </param>
          </params>
          <reporter-output>
          </reporter-output>
        </test-method> <!-- testCase3 -->
        <test-method is-config="true" signature="logoutFromApp()[pri:0, instance:testng.framework.concepts.AppCommons@72d1ad2e]" started-at="2025-07-28T21:02:54 IST" name="logoutFromApp" finished-at="2025-07-28T21:02:54 IST" duration-ms="0" status="PASS">
          <reporter-output>
          </reporter-output>
        </test-method> <!-- logoutFromApp -->
        <test-method is-config="true" signature="closeBrowser()[pri:0, instance:testng.framework.concepts.AppCommons@72d1ad2e]" started-at="2025-07-28T21:02:54 IST" name="closeBrowser" finished-at="2025-07-28T21:02:54 IST" depends-on-methods="logoutFromApp" duration-ms="0" status="PASS">
          <reporter-output>
          </reporter-output>
        </test-method> <!-- closeBrowser -->
        <test-method is-config="true" signature="loginIntoApp(java.lang.String,java.lang.String)[pri:0, instance:testng.framework.concepts.AppCommons@72d1ad2e]" started-at="2025-07-28T21:02:54 IST" name="loginIntoApp" finished-at="2025-07-28T21:02:54 IST" depends-on-methods="testng.framework.concepts.WebCommons.launchBrowserAndApplication" duration-ms="1" status="PASS">
          <params>
            <param index="0">
              <value>
                <![CDATA[ADMIN]]>
              </value>
            </param>
            <param index="1">
              <value>
                <![CDATA[password123]]>
              </value>
            </param>
          </params>
          <reporter-output>
          </reporter-output>
        </test-method> <!-- loginIntoApp -->
        <test-method is-config="true" signature="launchBrowserAndApplication(java.lang.String,java.lang.String)[pri:0, instance:testng.framework.concepts.AppCommons@72d1ad2e]" started-at="2025-07-28T21:02:54 IST" name="launchBrowserAndApplication" finished-at="2025-07-28T21:02:54 IST" duration-ms="0" status="PASS">
          <params>
            <param index="0">
              <value>
                <![CDATA[Chrome]]>
              </value>
            </param>
            <param index="1">
              <value>
                <![CDATA[https://www.example.com]]>
              </value>
            </param>
          </params>
          <reporter-output>
          </reporter-output>
        </test-method> <!-- launchBrowserAndApplication -->
        <test-method signature="testCase3(double,double)[pri:0, instance:testng.framework.concepts.AppCommons@72d1ad2e]" started-at="2025-07-28T21:02:54 IST" name="testCase3" data-provider="testData" finished-at="2025-07-28T21:02:54 IST" duration-ms="1" status="PASS">
          <params>
            <param index="0">
              <value>
                <![CDATA[2000.0]]>
              </value>
            </param>
            <param index="1">
              <value>
                <![CDATA[7.5]]>
              </value>
            </param>
          </params>
          <reporter-output>
          </reporter-output>
        </test-method> <!-- testCase3 -->
        <test-method is-config="true" signature="logoutFromApp()[pri:0, instance:testng.framework.concepts.AppCommons@72d1ad2e]" started-at="2025-07-28T21:02:54 IST" name="logoutFromApp" finished-at="2025-07-28T21:02:54 IST" duration-ms="0" status="PASS">
          <reporter-output>
          </reporter-output>
        </test-method> <!-- logoutFromApp -->
        <test-method is-config="true" signature="closeBrowser()[pri:0, instance:testng.framework.concepts.AppCommons@72d1ad2e]" started-at="2025-07-28T21:02:54 IST" name="closeBrowser" finished-at="2025-07-28T21:02:54 IST" depends-on-methods="logoutFromApp" duration-ms="1" status="PASS">
          <reporter-output>
          </reporter-output>
        </test-method> <!-- closeBrowser -->
        <test-method is-config="true" signature="launchBrowserAndApplication(java.lang.String,java.lang.String)[pri:0, instance:testng.framework.concepts.AppCommons@72d1ad2e]" started-at="2025-07-28T21:02:54 IST" name="launchBrowserAndApplication" finished-at="2025-07-28T21:02:54 IST" duration-ms="1" status="PASS">
          <params>
            <param index="0">
              <value>
                <![CDATA[Chrome]]>
              </value>
            </param>
            <param index="1">
              <value>
                <![CDATA[https://www.example.com]]>
              </value>
            </param>
          </params>
          <reporter-output>
          </reporter-output>
        </test-method> <!-- launchBrowserAndApplication -->
        <test-method signature="testCase3(double,double)[pri:0, instance:testng.framework.concepts.AppCommons@72d1ad2e]" started-at="2025-07-28T21:02:54 IST" name="testCase3" data-provider="testData" finished-at="2025-07-28T21:02:54 IST" duration-ms="4" status="PASS">
          <params>
            <param index="0">
              <value>
                <![CDATA[1500.0]]>
              </value>
            </param>
            <param index="1">
              <value>
                <![CDATA[6.0]]>
              </value>
            </param>
          </params>
          <reporter-output>
          </reporter-output>
        </test-method> <!-- testCase3 -->
        <test-method is-config="true" signature="loginIntoApp(java.lang.String,java.lang.String)[pri:0, instance:testng.framework.concepts.AppCommons@72d1ad2e]" started-at="2025-07-28T21:02:54 IST" name="loginIntoApp" finished-at="2025-07-28T21:02:54 IST" depends-on-methods="testng.framework.concepts.WebCommons.launchBrowserAndApplication" duration-ms="0" status="PASS">
          <params>
            <param index="0">
              <value>
                <![CDATA[ADMIN]]>
              </value>
            </param>
            <param index="1">
              <value>
                <![CDATA[password123]]>
              </value>
            </param>
          </params>
          <reporter-output>
          </reporter-output>
        </test-method> <!-- loginIntoApp -->
        <test-method is-config="true" signature="logoutFromApp()[pri:0, instance:testng.framework.concepts.AppCommons@72d1ad2e]" started-at="2025-07-28T21:02:54 IST" name="logoutFromApp" finished-at="2025-07-28T21:02:54 IST" duration-ms="3" status="PASS">
          <reporter-output>
          </reporter-output>
        </test-method> <!-- logoutFromApp -->
        <test-method is-config="true" signature="closeBrowser()[pri:0, instance:testng.framework.concepts.AppCommons@72d1ad2e]" started-at="2025-07-28T21:02:54 IST" name="closeBrowser" finished-at="2025-07-28T21:02:54 IST" depends-on-methods="logoutFromApp" duration-ms="0" status="PASS">
          <reporter-output>
          </reporter-output>
        </test-method> <!-- closeBrowser -->
        <test-method is-config="true" signature="stopReporting()[pri:0, instance:testng.framework.concepts.AppCommons@72d1ad2e]" started-at="2025-07-28T21:02:54 IST" name="stopReporting" finished-at="2025-07-28T21:02:54 IST" duration-ms="1" status="PASS">
          <reporter-output>
          </reporter-output>
        </test-method> <!-- stopReporting -->
      </class> <!-- testng.framework.concepts.AppCommons -->
    </test> <!-- Test -->
  </suite> <!-- Suite -->
</testng-results>
